name : Guest

results: {'succes': 'keu math found', 'matchKey': '4eafa3f4-a9a3-4d9c-a190-c3d69c0c9189', 'dateMatch': '2025-07-15T10:45:32.532Z', 'username1': 'gautier', 'score1': 5, 'score2': 2, 'username2': 'omar'}
------------------------


name : kelly

results: {'succes': 'keu math found', 'matchKey': '4eafa3f4-a9a3-4d9c-a190-c3d69c0c9189', 'dateMatch': '2025-07-15T10:45:32.532Z', 'username1': 'gautier', 'score1': 5, 'score2': 2, 'username2': 'omar'}
------------------------


name : gautier

results: {'succes': 'keu math found', 'matchKey': '4eafa3f4-a9a3-4d9c-a190-c3d69c0c9189', 'dateMatch': '2025-07-15T10:45:32.532Z', 'username1': 'gautier', 'score1': 5, 'score2': 2, 'username2': 'omar'}
------------------------


name : omar

results: {'succes': 'keu math found', 'matchKey': '4eafa3f4-a9a3-4d9c-a190-c3d69c0c9189', 'dateMatch': '2025-07-15T10:45:32.532Z', 'username1': 'gautier', 'score1': 5, 'score2': 2, 'username2': 'omar'}
------------------------


name : omar

mkey:  7e45d004-dd3b-48af-ae43-bde59a8186f6
------------------------


name : Guest

mkey:  428c7938-6dc1-47ef-aa94-2b5c12ad4801
------------------------


name : kelly

mkey:  428c7938-6dc1-47ef-aa94-2b5c12ad4801
------------------------


name : gautier

mkey:  7e45d004-dd3b-48af-ae43-bde59a8186f6
------------------------


name : gautier

results: {'succes': 'keu math found', 'matchKey': '7e45d004-dd3b-48af-ae43-bde59a8186f6', 'dateMatch': '2025-07-15T10:55:41.763Z', 'username1': 'gautier', 'score1': 5, 'score2': 0, 'username2': 'omar'}
------------------------


name : omar

results: {'succes': 'keu math found', 'matchKey': '7e45d004-dd3b-48af-ae43-bde59a8186f6', 'dateMatch': '2025-07-15T10:55:41.763Z', 'username1': 'gautier', 'score1': 5, 'score2': 0, 'username2': 'omar'}
------------------------


name : kelly

results: {'succes': 'keu math found', 'matchKey': '428c7938-6dc1-47ef-aa94-2b5c12ad4801', 'dateMatch': '2025-07-15T10:55:45.681Z', 'username1': 'kelly', 'score1': 5, 'score2': 0, 'username2': 'Guest'}
------------------------


name : Guest

results: {'succes': 'keu math found', 'matchKey': '428c7938-6dc1-47ef-aa94-2b5c12ad4801', 'dateMatch': '2025-07-15T10:55:45.681Z', 'username1': 'kelly', 'score1': 5, 'score2': 0, 'username2': 'Guest'}
------------------------


name : gautier

mkey:  52c729ab-076b-432e-85f7-4e2937dc4740
------------------------


name : kelly

mkey:  52c729ab-076b-432e-85f7-4e2937dc4740
------------------------


name : Guest

mkey:  6951f700-86be-4777-9c46-fb6fcbdb7e4f
------------------------


name : omar

mkey:  6951f700-86be-4777-9c46-fb6fcbdb7e4f
------------------------


name : Guest

results: {'succes': 'keu math found', 'matchKey': '6951f700-86be-4777-9c46-fb6fcbdb7e4f', 'dateMatch': '2025-07-15T11:00:11.246Z', 'username1': 'omar', 'score1': 5, 'score2': 1, 'username2': 'Guest'}
------------------------


name : omar

results: {'succes': 'keu math found', 'matchKey': '6951f700-86be-4777-9c46-fb6fcbdb7e4f', 'dateMatch': '2025-07-15T11:00:11.246Z', 'username1': 'omar', 'score1': 5, 'score2': 1, 'username2': 'Guest'}
------------------------


name : gautier

results: {'succes': 'keu math found', 'matchKey': '52c729ab-076b-432e-85f7-4e2937dc4740', 'dateMatch': '2025-07-15T11:00:16.234Z', 'username1': 'kelly', 'score1': 5, 'score2': 1, 'username2': 'gautier'}
------------------------


name : kelly

results: {'succes': 'keu math found', 'matchKey': '52c729ab-076b-432e-85f7-4e2937dc4740', 'dateMatch': '2025-07-15T11:00:16.234Z', 'username1': 'kelly', 'score1': 5, 'score2': 1, 'username2': 'gautier'}
------------------------


name : gautier

round : 1
mkey:  ce5308ab-f32c-49ce-8f12-4bede2425813
------------------------


name : kelly

round : 1
mkey:  72f30583-55fb-4c94-924b-01c97468836d
------------------------


name : Guest

round : 1
mkey:  ce5308ab-f32c-49ce-8f12-4bede2425813
------------------------


name : omar

round : 1
mkey:  72f30583-55fb-4c94-924b-01c97468836d
------------------------


name : omar

results: {'succes': 'keu math found', 'matchKey': '72f30583-55fb-4c94-924b-01c97468836d', 'dateMatch': '2025-07-15T11:07:14.077Z', 'username1': 'kelly', 'score1': 5, 'score2': 0, 'username2': 'omar'}
------------------------


name : kelly

results: {'succes': 'keu math found', 'matchKey': '72f30583-55fb-4c94-924b-01c97468836d', 'dateMatch': '2025-07-15T11:07:14.077Z', 'username1': 'kelly', 'score1': 5, 'score2': 0, 'username2': 'omar'}
------------------------


name : Guest

results: {'succes': 'keu math found', 'matchKey': 'ce5308ab-f32c-49ce-8f12-4bede2425813', 'dateMatch': '2025-07-15T11:07:14.794Z', 'username1': 'Guest', 'score1': 5, 'score2': 1, 'username2': 'gautier'}
------------------------


name : gautier

results: {'succes': 'keu math found', 'matchKey': 'ce5308ab-f32c-49ce-8f12-4bede2425813', 'dateMatch': '2025-07-15T11:07:14.794Z', 'username1': 'Guest', 'score1': 5, 'score2': 1, 'username2': 'gautier'}
------------------------


name : gautier

round : 1
mkey:  92d89d90-c732-4f34-a5c5-0abe14b4dde3
------------------------


name : kelly

round : 1
mkey:  92d89d90-c732-4f34-a5c5-0abe14b4dde3
------------------------


name : Guest

round : 1
mkey:  dec4bdcb-a92f-485f-bccc-84ef1790882b
------------------------


name : omar

round : 1
mkey:  dec4bdcb-a92f-485f-bccc-84ef1790882b
------------------------


name : omar

results: {'succes': 'keu math found', 'matchKey': 'dec4bdcb-a92f-485f-bccc-84ef1790882b', 'dateMatch': '2025-07-15T11:14:08.955Z', 'username1': 'Guest', 'score1': 5, 'score2': 2, 'username2': 'omar'}
------------------------


name : Guest

results: {'succes': 'keu math found', 'matchKey': 'dec4bdcb-a92f-485f-bccc-84ef1790882b', 'dateMatch': '2025-07-15T11:14:08.955Z', 'username1': 'Guest', 'score1': 5, 'score2': 2, 'username2': 'omar'}
------------------------


name : kelly

results: {'succes': 'keu math found', 'matchKey': '92d89d90-c732-4f34-a5c5-0abe14b4dde3', 'dateMatch': '2025-07-15T11:14:10.879Z', 'username1': 'gautier', 'score1': 5, 'score2': 1, 'username2': 'kelly'}
------------------------


name : gautier

results: {'succes': 'keu math found', 'matchKey': '92d89d90-c732-4f34-a5c5-0abe14b4dde3', 'dateMatch': '2025-07-15T11:14:10.879Z', 'username1': 'gautier', 'score1': 5, 'score2': 1, 'username2': 'kelly'}
------------------------


name : omar

round : 1
mkey:  101f10fc-4276-4a7c-b6ea-683b8e88d334
------------------------


name : Guest

round : 1
mkey:  ff917425-f49e-43af-af9f-7a5154f457f6
------------------------


name : kelly

round : 1
mkey:  ff917425-f49e-43af-af9f-7a5154f457f6
------------------------


name : gautier

round : 1
mkey:  101f10fc-4276-4a7c-b6ea-683b8e88d334
------------------------


name : kelly

results: {'succes': 'keu math found', 'matchKey': 'ff917425-f49e-43af-af9f-7a5154f457f6', 'dateMatch': '2025-07-15T11:20:22.229Z', 'username1': 'Guest', 'score1': 5, 'score2': 1, 'username2': 'kelly'}
------------------------


Yes roundMatch = 1
Yes score1 = 5
name : Guest

results: {'succes': 'keu math found', 'matchKey': 'ff917425-f49e-43af-af9f-7a5154f457f6', 'dateMatch': '2025-07-15T11:20:22.229Z', 'username1': 'Guest', 'score1': 5, 'score2': 1, 'username2': 'kelly'}
------------------------


Yes roundMatch = 1
Yes score1 = 5
name : omar

results: {'succes': 'keu math found', 'matchKey': '101f10fc-4276-4a7c-b6ea-683b8e88d334', 'dateMatch': '2025-07-15T11:20:24.770Z', 'username1': 'gautier', 'score1': 5, 'score2': 2, 'username2': 'omar'}
------------------------


Yes roundMatch = 1
Yes score1 = 5
name : gautier

results: {'succes': 'keu math found', 'matchKey': '101f10fc-4276-4a7c-b6ea-683b8e88d334', 'dateMatch': '2025-07-15T11:20:24.770Z', 'username1': 'gautier', 'score1': 5, 'score2': 2, 'username2': 'omar'}
------------------------


Yes roundMatch = 1
Yes score1 = 5
name : gautier

round : 1
mkey:  fa6384ae-e261-4403-95b6-4fa4f1a8d2c0
------------------------


name : kelly

round : 1
mkey:  d85ae5df-0577-4b18-83a2-c06f9614ba28
------------------------


name : Guest

round : 1
mkey:  d85ae5df-0577-4b18-83a2-c06f9614ba28
------------------------


name : omar

round : 1
mkey:  fa6384ae-e261-4403-95b6-4fa4f1a8d2c0
------------------------


name : omar

results: {'succes': 'keu math found', 'matchKey': 'fa6384ae-e261-4403-95b6-4fa4f1a8d2c0', 'dateMatch': '2025-07-15T11:22:50.579Z', 'username1': 'omar', 'score1': 5, 'score2': 0, 'username2': 'gautier'}
------------------------


Yes roundMatch = 1
Yes score1 = 5
trnmt.match1.key, mkey, trnmt.match2.key:  d85ae5df-0577-4b18-83a2-c06f9614ba28 fa6384ae-e261-4403-95b6-4fa4f1a8d2c0 fa6384ae-e261-4403-95b6-4fa4f1a8d2c0
name : gautier

results: {'succes': 'keu math found', 'matchKey': 'fa6384ae-e261-4403-95b6-4fa4f1a8d2c0', 'dateMatch': '2025-07-15T11:22:50.579Z', 'username1': 'omar', 'score1': 5, 'score2': 0, 'username2': 'gautier'}
------------------------


Yes roundMatch = 1
Yes score1 = 5
trnmt.match1.key, mkey, trnmt.match2.key:  d85ae5df-0577-4b18-83a2-c06f9614ba28 fa6384ae-e261-4403-95b6-4fa4f1a8d2c0 fa6384ae-e261-4403-95b6-4fa4f1a8d2c0
name : Guest

results: {'succes': 'keu math found', 'matchKey': 'd85ae5df-0577-4b18-83a2-c06f9614ba28', 'dateMatch': '2025-07-15T11:23:04.784Z', 'username1': 'kelly', 'score1': 5, 'score2': 0, 'username2': 'Guest'}
------------------------


Yes roundMatch = 1
Yes score1 = 5
trnmt.match1.key, mkey, trnmt.match2.key:  d85ae5df-0577-4b18-83a2-c06f9614ba28 d85ae5df-0577-4b18-83a2-c06f9614ba28 fa6384ae-e261-4403-95b6-4fa4f1a8d2c0
name : kelly

results: {'succes': 'keu math found', 'matchKey': 'd85ae5df-0577-4b18-83a2-c06f9614ba28', 'dateMatch': '2025-07-15T11:23:04.784Z', 'username1': 'kelly', 'score1': 5, 'score2': 0, 'username2': 'Guest'}
------------------------


Yes roundMatch = 1
Yes score1 = 5
trnmt.match1.key, mkey, trnmt.match2.key:  d85ae5df-0577-4b18-83a2-c06f9614ba28 d85ae5df-0577-4b18-83a2-c06f9614ba28 fa6384ae-e261-4403-95b6-4fa4f1a8d2c0
name : kelly

round : 2
mkey:  44f6d1fe-8d18-4138-b1e2-43c211f1ee46
------------------------


name : gautier

round : 2
mkey:  79679916-fc6e-48ec-bc2e-1731f3cadfea
------------------------


name : Guest

round : 2
mkey:  79679916-fc6e-48ec-bc2e-1731f3cadfea
------------------------


name : omar

round : 2
mkey:  44f6d1fe-8d18-4138-b1e2-43c211f1ee46
------------------------


name : omar

results: {'succes': 'keu math found', 'matchKey': '44f6d1fe-8d18-4138-b1e2-43c211f1ee46', 'dateMatch': '2025-07-15T11:23:47.586Z', 'username1': 'omar', 'score1': 5, 'score2': 1, 'username2': 'kelly'}
------------------------


No roundMatch = 2
name : kelly

results: {'succes': 'keu math found', 'matchKey': '44f6d1fe-8d18-4138-b1e2-43c211f1ee46', 'dateMatch': '2025-07-15T11:23:47.586Z', 'username1': 'omar', 'score1': 5, 'score2': 1, 'username2': 'kelly'}
------------------------


No roundMatch = 2
name : Guest

results: {'succes': 'keu math found', 'matchKey': '79679916-fc6e-48ec-bc2e-1731f3cadfea', 'dateMatch': '2025-07-15T11:23:53.727Z', 'username1': 'gautier', 'score1': 5, 'score2': 0, 'username2': 'Guest'}
------------------------


No roundMatch = 2
name : gautier

results: {'succes': 'keu math found', 'matchKey': '79679916-fc6e-48ec-bc2e-1731f3cadfea', 'dateMatch': '2025-07-15T11:23:53.727Z', 'username1': 'gautier', 'score1': 5, 'score2': 0, 'username2': 'Guest'}
------------------------


No roundMatch = 2
name : omar

round : 1
mkey:  5a349a89-9a5e-44ed-8172-2502331ed860
------------------------


name : Guest

round : 1
mkey:  2b698e0f-c43c-4f73-8162-765590b6666b
------------------------


name : kelly

round : 1
mkey:  2b698e0f-c43c-4f73-8162-765590b6666b
------------------------


name : gautier

round : 1
mkey:  5a349a89-9a5e-44ed-8172-2502331ed860
------------------------


name : gautier

results: {'succes': 'keu math found', 'matchKey': '5a349a89-9a5e-44ed-8172-2502331ed860', 'dateMatch': '2025-07-15T11:25:19.064Z', 'username1': 'gautier', 'score1': 5, 'score2': 0, 'username2': 'omar'}
------------------------


Yes roundMatch = 1
Yes score1 = 5
trnmt.match1.key, mkey, trnmt.match2.key:  5a349a89-9a5e-44ed-8172-2502331ed860 5a349a89-9a5e-44ed-8172-2502331ed860 2b698e0f-c43c-4f73-8162-765590b6666b
name : omar

results: {'succes': 'keu math found', 'matchKey': '5a349a89-9a5e-44ed-8172-2502331ed860', 'dateMatch': '2025-07-15T11:25:19.064Z', 'username1': 'gautier', 'score1': 5, 'score2': 0, 'username2': 'omar'}
------------------------


Yes roundMatch = 1
Yes score1 = 5
trnmt.match1.key, mkey, trnmt.match2.key:  5a349a89-9a5e-44ed-8172-2502331ed860 5a349a89-9a5e-44ed-8172-2502331ed860 2b698e0f-c43c-4f73-8162-765590b6666b
name : kelly

results: {'succes': 'keu math found', 'matchKey': '2b698e0f-c43c-4f73-8162-765590b6666b', 'dateMatch': '2025-07-15T11:25:27.897Z', 'username1': 'kelly', 'score1': 5, 'score2': 1, 'username2': 'Guest'}
------------------------


Yes roundMatch = 1
Yes score1 = 5
trnmt.match1.key, mkey, trnmt.match2.key:  5a349a89-9a5e-44ed-8172-2502331ed860 2b698e0f-c43c-4f73-8162-765590b6666b 2b698e0f-c43c-4f73-8162-765590b6666b
name : Guest

results: {'succes': 'keu math found', 'matchKey': '2b698e0f-c43c-4f73-8162-765590b6666b', 'dateMatch': '2025-07-15T11:25:27.897Z', 'username1': 'kelly', 'score1': 5, 'score2': 1, 'username2': 'Guest'}
------------------------


Yes roundMatch = 1
Yes score1 = 5
trnmt.match1.key, mkey, trnmt.match2.key:  5a349a89-9a5e-44ed-8172-2502331ed860 2b698e0f-c43c-4f73-8162-765590b6666b 2b698e0f-c43c-4f73-8162-765590b6666b
name : Guest

round : 2
mkey:  5e1e1aec-141a-448c-95bd-397c11792d94
------------------------


